<?xml version="1.0" encoding="UTF-8"?>
<testsuite xmlns:xsi="http://www.w3.org/2001/XMLSchema-instance" xsi:noNamespaceSchemaLocation="https://maven.apache.org/surefire/maven-surefire-plugin/xsd/surefire-test-report-3.0.xsd" version="3.0" name="TestSuite" time="12.827" tests="1" errors="0" skipped="0" failures="0">
  <properties>
[...]
</properties>
  <testcase name="startExecution[org.testng.TestRunner@17ac77a2](1)" classname="com.base.RunnerTest" time="11.379">
    <system-out><![CDATA[No features found at [classpath:com/base]
Cucumber options : [resources/features, --tags, @login1, --plugin, json:target/cucumberDefault.json, --plugin, rerun:target/rerun.txt, --glue, com.stepdefination, --glue, com.pages, --no-dry-run, --monochrome, --strict]
I am on google page
com.pages.LoginPage@7a37ce38
2021-04-16 21:13:48 INFO  LoginPage:45 - Started:getURL
2021-04-16 21:13:48 INFO  TestConfiguration:101 - Inside getConfig
2021-04-16 21:13:48 INFO  TestConfiguration:103 - file loaded
{Origin={url=https://www.facebook.com/}}
2021-04-16 21:13:49 INFO  LoginPage:403 - Started waitForPageLoad method execution
2021-04-16 21:13:54 INFO  LoginPage:416 - Completed waitForPageLoad method execution
2021-04-16 21:13:54 INFO  LoginPage:49 - Completed:getURL
2021-04-16 21:13:54 INFO  LoginPage:24 - started:setusername method started
2021-04-16 21:13:54 INFO  LoginPage:266 - Started waitForVisibilityOfElement method execution
2021-04-16 21:13:54 INFO  LoginPage:273 - Element is visible
2021-04-16 21:13:54 INFO  LoginPage:231 - Started enterValue method execution
2021-04-16 21:13:54 INFO  LoginPage:266 - Started waitForVisibilityOfElement method execution
2021-04-16 21:13:54 INFO  LoginPage:273 - Element is visible
2021-04-16 21:13:54 INFO  LoginPage:41 - findBy method execution started
2021-04-16 21:13:54 INFO  LoginPage:42 - findBy method execution completed
2021-04-16 21:13:54 INFO  LoginPage:41 - findBy method execution started
2021-04-16 21:13:54 INFO  LoginPage:42 - findBy method execution completed
2021-04-16 21:13:54 INFO  LoginPage:235 - Successfully Entered[Ljava.lang.CharSequence;@357288c5in Textbox - By.xpath: //*[@id="email"]
2021-04-16 21:13:54 INFO  LoginPage:27 - completed:setusername method started
2021-04-16 21:13:54 INFO  LoginPage:31 - started:setPassword method started
2021-04-16 21:13:54 INFO  LoginPage:266 - Started waitForVisibilityOfElement method execution
2021-04-16 21:13:54 INFO  LoginPage:273 - Element is visible
2021-04-16 21:13:54 INFO  LoginPage:231 - Started enterValue method execution
2021-04-16 21:13:54 INFO  LoginPage:266 - Started waitForVisibilityOfElement method execution
2021-04-16 21:13:54 INFO  LoginPage:273 - Element is visible
2021-04-16 21:13:54 INFO  LoginPage:41 - findBy method execution started
2021-04-16 21:13:54 INFO  LoginPage:42 - findBy method execution completed
2021-04-16 21:13:54 INFO  LoginPage:41 - findBy method execution started
2021-04-16 21:13:54 INFO  LoginPage:42 - findBy method execution completed
2021-04-16 21:13:54 INFO  LoginPage:235 - Successfully Entered[Ljava.lang.CharSequence;@2b33dd60in Textbox - By.xpath: //*[@id="pass"]
2021-04-16 21:13:54 INFO  LoginPage:34 - completed:setPassword method started
2021-04-16 21:13:54 INFO  LoginPage:38 - started:clickLoginButton method started
2021-04-16 21:13:54 INFO  LoginPage:266 - Started waitForVisibilityOfElement method execution
2021-04-16 21:13:54 INFO  LoginPage:273 - Element is visible
2021-04-16 21:13:54 INFO  LoginPage:71 - Started Click method execution
2021-04-16 21:13:55 INFO  LoginPage:73 - Successfully Clicked on Element - By.xpath: //button[.='Log In']
2021-04-16 21:13:55 INFO  LoginPage:41 - completed:clickLoginButton method started

1 Scenarios (1 passed)
4 Steps (4 passed)
0m9.508s

0
Default_Run consolidated reports are generated under directory BDDCucumber
]]></system-out>
    <system-err><![CDATA[SLF4J: Failed to load class "org.slf4j.impl.StaticLoggerBinder".
SLF4J: Defaulting to no-operation (NOP) logger implementation
SLF4J: See http://www.slf4j.org/codes.html#StaticLoggerBinder for further details.
Starting ChromeDriver 89.0.4389.23 (61b08ee2c50024bab004e48d2b1b083cdbdac579-refs/branch-heads/4389@{#294}) on port 15473
Only local connections are allowed.
Please see https://chromedriver.chromium.org/security-considerations for suggestions on keeping ChromeDriver safe.
ChromeDriver was started successfully.
log4j:WARN No appenders could be found for logger (org.apache.http.client.protocol.RequestAddCookies).
log4j:WARN Please initialize the log4j system properly.
log4j:WARN See http://logging.apache.org/log4j/1.2/faq.html#noconfig for more info.
Apr 16, 2021 9:13:56 PM net.masterthought.cucumber.ReportParser parseJsonFiles
INFO: File 'C:\Users\Admin\IdeaProjects\BDDCucumber\target\cucumberDefault.json' contains 1 features
]]></system-err>
  </testcase>
</testsuite>