<?xml version="1.0" encoding="UTF-8"?>
<testng-results ignored="0" total="1" passed="1" failed="0" skipped="0">
  <reporter-output>
  </reporter-output>
  <suite started-at="2021-04-16T21:13:45 IST" name="All Test Suite" finished-at="2021-04-16T21:13:57 IST" duration-ms="11746">
    <groups>
      <group name="cucumber">
        <method signature="AbstractTestNGCucumberTests.feature(cucumber.api.testng.CucumberFeatureWrapper)[pri:0, instance:com.base.RunnerTest@3d51f06e]" name="feature" class="cucumber.api.testng.AbstractTestNGCucumberTests"/>
      </group> <!-- cucumber -->
    </groups>
    <test started-at="2021-04-16T21:13:45 IST" name="Test1" finished-at="2021-04-16T21:13:57 IST" duration-ms="11746">
      <class name="com.base.RunnerTest">
        <test-method is-config="true" signature="setUpClass()[pri:0, instance:com.base.RunnerTest@3d51f06e]" started-at="2021-04-16T21:13:45 IST" name="setUpClass" finished-at="2021-04-16T21:13:46 IST" duration-ms="404" status="PASS">
          <reporter-output>
          </reporter-output>
        </test-method> <!-- setUpClass -->
        <test-method signature="startExecution(org.testng.ITestContext)[pri:0, instance:com.base.RunnerTest@3d51f06e]" started-at="2021-04-16T21:13:46 IST" name="startExecution" finished-at="2021-04-16T21:13:57 IST" duration-ms="11253" status="PASS">
          <params>
            <param index="0">
              <value>
                <![CDATA[org.testng.TestRunner@17ac77a2]]>
              </value>
            </param>
          </params>
          <reporter-output>
          </reporter-output>
        </test-method> <!-- startExecution -->
        <test-method is-config="true" signature="tearDownClass()[pri:0, instance:com.base.RunnerTest@3d51f06e]" started-at="2021-04-16T21:13:57 IST" name="tearDownClass" finished-at="2021-04-16T21:13:57 IST" duration-ms="5" status="PASS">
          <reporter-output>
          </reporter-output>
        </test-method> <!-- tearDownClass -->
      </class> <!-- com.base.RunnerTest -->
    </test> <!-- Test1 -->
  </suite> <!-- All Test Suite -->
</testng-results>
